2015/10/24 17:35:42 [error] [exception.CException] exception 'CException' with message 'TestController cannot find the requested view "index".' in A:\xampp_win32_5.6.12\yii-1.1.16.bca042\framework\web\CController.php:878
Stack trace:
#0 A:\xampp_win32_5.6.12\yii-1.1.16.bca042\framework\web\CController.php(782): CController->renderPartial('index', NULL, true)
#1 A:\xampp_win32_5.6.12\htdocs\sampleyii\protected\controllers\TestController.php(8): CController->render('index')
#2 A:\xampp_win32_5.6.12\yii-1.1.16.bca042\framework\web\actions\CInlineAction.php(49): TestController->actionIndex()
#3 A:\xampp_win32_5.6.12\yii-1.1.16.bca042\framework\web\CController.php(308): CInlineAction->runWithParams(Array)
#4 A:\xampp_win32_5.6.12\yii-1.1.16.bca042\framework\web\CController.php(286): CController->runAction(Object(CInlineAction))
#5 A:\xampp_win32_5.6.12\yii-1.1.16.bca042\framework\web\CController.php(265): CController->runActionWithFilters(Object(CInlineAction), Array)
#6 A:\xampp_win32_5.6.12\yii-1.1.16.bca042\framework\web\CWebApplication.php(282): CController->run('')
#7 A:\xampp_win32_5.6.12\yii-1.1.16.bca042\framework\web\CWebApplication.php(141): CWebApplication->runController('test')
#8 A:\xampp_win32_5.6.12\yii-1.1.16.bca042\framework\base\CApplication.php(184): CWebApplication->processRequest()
#9 A:\xampp_win32_5.6.12\htdocs\sampleyii\index.php(13): CApplication->run()
#10 {main}
REQUEST_URI=/sampleyii/index.php/test
---
2015/10/24 18:00:13 [error] [exception.CException] exception 'CException' with message 'Property "JToggleSwitch.data" is not defined.' in A:\xampp_win32_5.6.12\yii-1.1.16.bca042\framework\base\CComponent.php:173
Stack trace:
#0 A:\xampp_win32_5.6.12\yii-1.1.16.bca042\framework\web\CWidgetFactory.php(161): CComponent->__set('data', Array)
#1 A:\xampp_win32_5.6.12\yii-1.1.16.bca042\framework\web\CBaseController.php(146): CWidgetFactory->createWidget(Object(TestController), 'JToggleSwitch', Array)
#2 A:\xampp_win32_5.6.12\yii-1.1.16.bca042\framework\web\CBaseController.php(180): CBaseController->createWidget('JToggleSwitch', Array)
#3 A:\xampp_win32_5.6.12\htdocs\sampleyii\protected\views\test\index.php(16): CBaseController->widget('JToggleSwitch', Array)
#4 A:\xampp_win32_5.6.12\yii-1.1.16.bca042\framework\web\CBaseController.php(126): require('A:\\xampp_win32_...')
#5 A:\xampp_win32_5.6.12\yii-1.1.16.bca042\framework\web\CBaseController.php(95): CBaseController->renderInternal('A:\\xampp_win32_...', NULL, true)
#6 A:\xampp_win32_5.6.12\yii-1.1.16.bca042\framework\web\CController.php(869): CBaseController->renderFile('A:\\xampp_win32_...', NULL, true)
#7 A:\xampp_win32_5.6.12\yii-1.1.16.bca042\framework\web\CController.php(782): CController->renderPartial('index', NULL, true)
#8 A:\xampp_win32_5.6.12\htdocs\sampleyii\protected\controllers\TestController.php(8): CController->render('index')
#9 A:\xampp_win32_5.6.12\yii-1.1.16.bca042\framework\web\actions\CInlineAction.php(49): TestController->actionIndex()
#10 A:\xampp_win32_5.6.12\yii-1.1.16.bca042\framework\web\CController.php(308): CInlineAction->runWithParams(Array)
#11 A:\xampp_win32_5.6.12\yii-1.1.16.bca042\framework\web\CController.php(286): CController->runAction(Object(CInlineAction))
#12 A:\xampp_win32_5.6.12\yii-1.1.16.bca042\framework\web\CController.php(265): CController->runActionWithFilters(Object(CInlineAction), Array)
#13 A:\xampp_win32_5.6.12\yii-1.1.16.bca042\framework\web\CWebApplication.php(282): CController->run('')
#14 A:\xampp_win32_5.6.12\yii-1.1.16.bca042\framework\web\CWebApplication.php(141): CWebApplication->runController('test')
#15 A:\xampp_win32_5.6.12\yii-1.1.16.bca042\framework\base\CApplication.php(184): CWebApplication->processRequest()
#16 A:\xampp_win32_5.6.12\htdocs\sampleyii\index.php(13): CApplication->run()
#17 {main}
REQUEST_URI=/sampleyii/index.php/test
---
2015/10/24 18:01:03 [error] [exception.CException] exception 'CException' with message 'JToggleSwitch cannot find the view "views/view".' in A:\xampp_win32_5.6.12\yii-1.1.16.bca042\framework\web\widgets\CWidget.php:246
Stack trace:
#0 A:\xampp_win32_5.6.12\htdocs\sampleyii\protected\extensions\jtoggleswitch\JToggleSwitch.php(43): CWidget->render('views/view', Array)
#1 A:\xampp_win32_5.6.12\yii-1.1.16.bca042\framework\web\CBaseController.php(181): JToggleSwitch->run()
#2 A:\xampp_win32_5.6.12\htdocs\sampleyii\protected\views\test\index.php(16): CBaseController->widget('JToggleSwitch', Array)
#3 A:\xampp_win32_5.6.12\yii-1.1.16.bca042\framework\web\CBaseController.php(126): require('A:\\xampp_win32_...')
#4 A:\xampp_win32_5.6.12\yii-1.1.16.bca042\framework\web\CBaseController.php(95): CBaseController->renderInternal('A:\\xampp_win32_...', NULL, true)
#5 A:\xampp_win32_5.6.12\yii-1.1.16.bca042\framework\web\CController.php(869): CBaseController->renderFile('A:\\xampp_win32_...', NULL, true)
#6 A:\xampp_win32_5.6.12\yii-1.1.16.bca042\framework\web\CController.php(782): CController->renderPartial('index', NULL, true)
#7 A:\xampp_win32_5.6.12\htdocs\sampleyii\protected\controllers\TestController.php(8): CController->render('index')
#8 A:\xampp_win32_5.6.12\yii-1.1.16.bca042\framework\web\actions\CInlineAction.php(49): TestController->actionIndex()
#9 A:\xampp_win32_5.6.12\yii-1.1.16.bca042\framework\web\CController.php(308): CInlineAction->runWithParams(Array)
#10 A:\xampp_win32_5.6.12\yii-1.1.16.bca042\framework\web\CController.php(286): CController->runAction(Object(CInlineAction))
#11 A:\xampp_win32_5.6.12\yii-1.1.16.bca042\framework\web\CController.php(265): CController->runActionWithFilters(Object(CInlineAction), Array)
#12 A:\xampp_win32_5.6.12\yii-1.1.16.bca042\framework\web\CWebApplication.php(282): CController->run('')
#13 A:\xampp_win32_5.6.12\yii-1.1.16.bca042\framework\web\CWebApplication.php(141): CWebApplication->runController('test')
#14 A:\xampp_win32_5.6.12\yii-1.1.16.bca042\framework\base\CApplication.php(184): CWebApplication->processRequest()
#15 A:\xampp_win32_5.6.12\htdocs\sampleyii\index.php(13): CApplication->run()
#16 {main}
REQUEST_URI=/sampleyii/index.php/test
---
2015/10/24 18:01:26 [error] [exception.CException] exception 'CException' with message 'JToggleSwitch cannot find the view "view".' in A:\xampp_win32_5.6.12\yii-1.1.16.bca042\framework\web\widgets\CWidget.php:246
Stack trace:
#0 A:\xampp_win32_5.6.12\htdocs\sampleyii\protected\extensions\jtoggleswitch\JToggleSwitch.php(43): CWidget->render('view', Array)
#1 A:\xampp_win32_5.6.12\yii-1.1.16.bca042\framework\web\CBaseController.php(181): JToggleSwitch->run()
#2 A:\xampp_win32_5.6.12\htdocs\sampleyii\protected\views\test\index.php(16): CBaseController->widget('JToggleSwitch', Array)
#3 A:\xampp_win32_5.6.12\yii-1.1.16.bca042\framework\web\CBaseController.php(126): require('A:\\xampp_win32_...')
#4 A:\xampp_win32_5.6.12\yii-1.1.16.bca042\framework\web\CBaseController.php(95): CBaseController->renderInternal('A:\\xampp_win32_...', NULL, true)
#5 A:\xampp_win32_5.6.12\yii-1.1.16.bca042\framework\web\CController.php(869): CBaseController->renderFile('A:\\xampp_win32_...', NULL, true)
#6 A:\xampp_win32_5.6.12\yii-1.1.16.bca042\framework\web\CController.php(782): CController->renderPartial('index', NULL, true)
#7 A:\xampp_win32_5.6.12\htdocs\sampleyii\protected\controllers\TestController.php(8): CController->render('index')
#8 A:\xampp_win32_5.6.12\yii-1.1.16.bca042\framework\web\actions\CInlineAction.php(49): TestController->actionIndex()
#9 A:\xampp_win32_5.6.12\yii-1.1.16.bca042\framework\web\CController.php(308): CInlineAction->runWithParams(Array)
#10 A:\xampp_win32_5.6.12\yii-1.1.16.bca042\framework\web\CController.php(286): CController->runAction(Object(CInlineAction))
#11 A:\xampp_win32_5.6.12\yii-1.1.16.bca042\framework\web\CController.php(265): CController->runActionWithFilters(Object(CInlineAction), Array)
#12 A:\xampp_win32_5.6.12\yii-1.1.16.bca042\framework\web\CWebApplication.php(282): CController->run('')
#13 A:\xampp_win32_5.6.12\yii-1.1.16.bca042\framework\web\CWebApplication.php(141): CWebApplication->runController('test')
#14 A:\xampp_win32_5.6.12\yii-1.1.16.bca042\framework\base\CApplication.php(184): CWebApplication->processRequest()
#15 A:\xampp_win32_5.6.12\htdocs\sampleyii\index.php(13): CApplication->run()
#16 {main}
REQUEST_URI=/sampleyii/index.php/test
---
2015/10/24 18:01:27 [error] [exception.CException] exception 'CException' with message 'JToggleSwitch cannot find the view "view".' in A:\xampp_win32_5.6.12\yii-1.1.16.bca042\framework\web\widgets\CWidget.php:246
Stack trace:
#0 A:\xampp_win32_5.6.12\htdocs\sampleyii\protected\extensions\jtoggleswitch\JToggleSwitch.php(43): CWidget->render('view', Array)
#1 A:\xampp_win32_5.6.12\yii-1.1.16.bca042\framework\web\CBaseController.php(181): JToggleSwitch->run()
#2 A:\xampp_win32_5.6.12\htdocs\sampleyii\protected\views\test\index.php(16): CBaseController->widget('JToggleSwitch', Array)
#3 A:\xampp_win32_5.6.12\yii-1.1.16.bca042\framework\web\CBaseController.php(126): require('A:\\xampp_win32_...')
#4 A:\xampp_win32_5.6.12\yii-1.1.16.bca042\framework\web\CBaseController.php(95): CBaseController->renderInternal('A:\\xampp_win32_...', NULL, true)
#5 A:\xampp_win32_5.6.12\yii-1.1.16.bca042\framework\web\CController.php(869): CBaseController->renderFile('A:\\xampp_win32_...', NULL, true)
#6 A:\xampp_win32_5.6.12\yii-1.1.16.bca042\framework\web\CController.php(782): CController->renderPartial('index', NULL, true)
#7 A:\xampp_win32_5.6.12\htdocs\sampleyii\protected\controllers\TestController.php(8): CController->render('index')
#8 A:\xampp_win32_5.6.12\yii-1.1.16.bca042\framework\web\actions\CInlineAction.php(49): TestController->actionIndex()
#9 A:\xampp_win32_5.6.12\yii-1.1.16.bca042\framework\web\CController.php(308): CInlineAction->runWithParams(Array)
#10 A:\xampp_win32_5.6.12\yii-1.1.16.bca042\framework\web\CController.php(286): CController->runAction(Object(CInlineAction))
#11 A:\xampp_win32_5.6.12\yii-1.1.16.bca042\framework\web\CController.php(265): CController->runActionWithFilters(Object(CInlineAction), Array)
#12 A:\xampp_win32_5.6.12\yii-1.1.16.bca042\framework\web\CWebApplication.php(282): CController->run('')
#13 A:\xampp_win32_5.6.12\yii-1.1.16.bca042\framework\web\CWebApplication.php(141): CWebApplication->runController('test')
#14 A:\xampp_win32_5.6.12\yii-1.1.16.bca042\framework\base\CApplication.php(184): CWebApplication->processRequest()
#15 A:\xampp_win32_5.6.12\htdocs\sampleyii\index.php(13): CApplication->run()
#16 {main}
REQUEST_URI=/sampleyii/index.php/test
---
2015/10/24 18:02:35 [error] [exception.CException] exception 'CException' with message 'JToggleSwitch cannot find the view "view".' in A:\xampp_win32_5.6.12\yii-1.1.16.bca042\framework\web\widgets\CWidget.php:246
Stack trace:
#0 A:\xampp_win32_5.6.12\htdocs\sampleyii\protected\extensions\jtoggleswitch\JToggleSwitch.php(43): CWidget->render('view', Array)
#1 A:\xampp_win32_5.6.12\yii-1.1.16.bca042\framework\web\CBaseController.php(181): JToggleSwitch->run()
#2 A:\xampp_win32_5.6.12\htdocs\sampleyii\protected\views\test\index.php(16): CBaseController->widget('JToggleSwitch', Array)
#3 A:\xampp_win32_5.6.12\yii-1.1.16.bca042\framework\web\CBaseController.php(126): require('A:\\xampp_win32_...')
#4 A:\xampp_win32_5.6.12\yii-1.1.16.bca042\framework\web\CBaseController.php(95): CBaseController->renderInternal('A:\\xampp_win32_...', NULL, true)
#5 A:\xampp_win32_5.6.12\yii-1.1.16.bca042\framework\web\CController.php(869): CBaseController->renderFile('A:\\xampp_win32_...', NULL, true)
#6 A:\xampp_win32_5.6.12\yii-1.1.16.bca042\framework\web\CController.php(782): CController->renderPartial('index', NULL, true)
#7 A:\xampp_win32_5.6.12\htdocs\sampleyii\protected\controllers\TestController.php(8): CController->render('index')
#8 A:\xampp_win32_5.6.12\yii-1.1.16.bca042\framework\web\actions\CInlineAction.php(49): TestController->actionIndex()
#9 A:\xampp_win32_5.6.12\yii-1.1.16.bca042\framework\web\CController.php(308): CInlineAction->runWithParams(Array)
#10 A:\xampp_win32_5.6.12\yii-1.1.16.bca042\framework\web\CController.php(286): CController->runAction(Object(CInlineAction))
#11 A:\xampp_win32_5.6.12\yii-1.1.16.bca042\framework\web\CController.php(265): CController->runActionWithFilters(Object(CInlineAction), Array)
#12 A:\xampp_win32_5.6.12\yii-1.1.16.bca042\framework\web\CWebApplication.php(282): CController->run('')
#13 A:\xampp_win32_5.6.12\yii-1.1.16.bca042\framework\web\CWebApplication.php(141): CWebApplication->runController('test')
#14 A:\xampp_win32_5.6.12\yii-1.1.16.bca042\framework\base\CApplication.php(184): CWebApplication->processRequest()
#15 A:\xampp_win32_5.6.12\htdocs\sampleyii\index.php(13): CApplication->run()
#16 {main}
REQUEST_URI=/sampleyii/index.php/test
---
2015/10/24 18:23:35 [error] [php] Undefined variable: data (A:\xampp_win32_5.6.12\htdocs\sampleyii\protected\extensions\jtoggleswitch\JToggleSwitch.php:38)
Stack trace:
#0 A:\xampp_win32_5.6.12\yii-1.1.16.bca042\framework\web\CBaseController.php(126): require()
#1 A:\xampp_win32_5.6.12\yii-1.1.16.bca042\framework\web\CBaseController.php(95): TestController->renderInternal()
#2 A:\xampp_win32_5.6.12\yii-1.1.16.bca042\framework\web\CController.php(869): TestController->renderFile()
#3 A:\xampp_win32_5.6.12\yii-1.1.16.bca042\framework\web\CController.php(782): TestController->renderPartial()
#4 A:\xampp_win32_5.6.12\htdocs\sampleyii\protected\controllers\TestController.php(8): TestController->render()
#5 A:\xampp_win32_5.6.12\yii-1.1.16.bca042\framework\web\actions\CInlineAction.php(49): TestController->actionIndex()
#6 A:\xampp_win32_5.6.12\yii-1.1.16.bca042\framework\web\CController.php(308): CInlineAction->runWithParams()
#7 A:\xampp_win32_5.6.12\yii-1.1.16.bca042\framework\web\CController.php(286): TestController->runAction()
#8 A:\xampp_win32_5.6.12\yii-1.1.16.bca042\framework\web\CController.php(265): TestController->runActionWithFilters()
#9 A:\xampp_win32_5.6.12\yii-1.1.16.bca042\framework\web\CWebApplication.php(282): TestController->run()
#10 A:\xampp_win32_5.6.12\yii-1.1.16.bca042\framework\web\CWebApplication.php(141): CWebApplication->runController()
#11 A:\xampp_win32_5.6.12\yii-1.1.16.bca042\framework\base\CApplication.php(184): CWebApplication->processRequest()
#12 A:\xampp_win32_5.6.12\htdocs\sampleyii\index.php(13): CWebApplication->run()
REQUEST_URI=/sampleyii/index.php/test
in A:\xampp_win32_5.6.12\htdocs\sampleyii\protected\extensions\jtoggleswitch\JToggleSwitch.php (38)
in A:\xampp_win32_5.6.12\htdocs\sampleyii\protected\views\test\index.php (16)
in A:\xampp_win32_5.6.12\htdocs\sampleyii\protected\controllers\TestController.php (8)
2015/10/24 19:16:29 [error] [php] Undefined variable: data (A:\xampp_win32_5.6.12\htdocs\sampleyii\protected\extensions\jtoggleswitch\JToggleSwitch.php:51)
Stack trace:
#0 A:\xampp_win32_5.6.12\yii-1.1.16.bca042\framework\web\CBaseController.php(126): require()
#1 A:\xampp_win32_5.6.12\yii-1.1.16.bca042\framework\web\CBaseController.php(95): TestController->renderInternal()
#2 A:\xampp_win32_5.6.12\yii-1.1.16.bca042\framework\web\CController.php(869): TestController->renderFile()
#3 A:\xampp_win32_5.6.12\yii-1.1.16.bca042\framework\web\CController.php(782): TestController->renderPartial()
#4 A:\xampp_win32_5.6.12\htdocs\sampleyii\protected\controllers\TestController.php(8): TestController->render()
#5 A:\xampp_win32_5.6.12\yii-1.1.16.bca042\framework\web\actions\CInlineAction.php(49): TestController->actionIndex()
#6 A:\xampp_win32_5.6.12\yii-1.1.16.bca042\framework\web\CController.php(308): CInlineAction->runWithParams()
#7 A:\xampp_win32_5.6.12\yii-1.1.16.bca042\framework\web\CController.php(286): TestController->runAction()
#8 A:\xampp_win32_5.6.12\yii-1.1.16.bca042\framework\web\CController.php(265): TestController->runActionWithFilters()
#9 A:\xampp_win32_5.6.12\yii-1.1.16.bca042\framework\web\CWebApplication.php(282): TestController->run()
#10 A:\xampp_win32_5.6.12\yii-1.1.16.bca042\framework\web\CWebApplication.php(141): CWebApplication->runController()
#11 A:\xampp_win32_5.6.12\yii-1.1.16.bca042\framework\base\CApplication.php(184): CWebApplication->processRequest()
#12 A:\xampp_win32_5.6.12\htdocs\sampleyii\index.php(13): CWebApplication->run()
REQUEST_URI=/sampleyii/index.php/test
in A:\xampp_win32_5.6.12\htdocs\sampleyii\protected\extensions\jtoggleswitch\JToggleSwitch.php (51)
in A:\xampp_win32_5.6.12\htdocs\sampleyii\protected\views\test\index.php (17)
in A:\xampp_win32_5.6.12\htdocs\sampleyii\protected\controllers\TestController.php (8)
2015/10/24 19:16:45 [error] [php] include(CHtm.php): failed to open stream: No such file or directory (A:\xampp_win32_5.6.12\yii-1.1.16.bca042\framework\YiiBase.php:432)
Stack trace:
#0 A:\xampp_win32_5.6.12\htdocs\sampleyii\protected\extensions\jtoggleswitch\JToggleSwitch.php(61): spl_autoload_call()
#1 A:\xampp_win32_5.6.12\yii-1.1.16.bca042\framework\web\CBaseController.php(181): JToggleSwitch->run()
#2 A:\xampp_win32_5.6.12\htdocs\sampleyii\protected\views\test\index.php(17): TestController->widget()
#3 A:\xampp_win32_5.6.12\yii-1.1.16.bca042\framework\web\CBaseController.php(126): require()
#4 A:\xampp_win32_5.6.12\yii-1.1.16.bca042\framework\web\CBaseController.php(95): TestController->renderInternal()
#5 A:\xampp_win32_5.6.12\yii-1.1.16.bca042\framework\web\CController.php(869): TestController->renderFile()
#6 A:\xampp_win32_5.6.12\yii-1.1.16.bca042\framework\web\CController.php(782): TestController->renderPartial()
#7 A:\xampp_win32_5.6.12\htdocs\sampleyii\protected\controllers\TestController.php(8): TestController->render()
#8 A:\xampp_win32_5.6.12\yii-1.1.16.bca042\framework\web\actions\CInlineAction.php(49): TestController->actionIndex()
#9 A:\xampp_win32_5.6.12\yii-1.1.16.bca042\framework\web\CController.php(308): CInlineAction->runWithParams()
#10 A:\xampp_win32_5.6.12\yii-1.1.16.bca042\framework\web\CController.php(286): TestController->runAction()
#11 A:\xampp_win32_5.6.12\yii-1.1.16.bca042\framework\web\CController.php(265): TestController->runActionWithFilters()
#12 A:\xampp_win32_5.6.12\yii-1.1.16.bca042\framework\web\CWebApplication.php(282): TestController->run()
#13 A:\xampp_win32_5.6.12\yii-1.1.16.bca042\framework\web\CWebApplication.php(141): CWebApplication->runController()
#14 A:\xampp_win32_5.6.12\yii-1.1.16.bca042\framework\base\CApplication.php(184): CWebApplication->processRequest()
#15 A:\xampp_win32_5.6.12\htdocs\sampleyii\index.php(13): CWebApplication->run()
REQUEST_URI=/sampleyii/index.php/test
in A:\xampp_win32_5.6.12\htdocs\sampleyii\protected\extensions\jtoggleswitch\JToggleSwitch.php (61)
in A:\xampp_win32_5.6.12\htdocs\sampleyii\protected\views\test\index.php (17)
in A:\xampp_win32_5.6.12\htdocs\sampleyii\protected\controllers\TestController.php (8)
